2026-01-07T07:09:11.270Z - Cannot read properties of undefined (reading 'findMany')
TypeError: Cannot read properties of undefined (reading 'findMany')
    at GET (webpack-internal:///(rsc)/./src/app/api/logs/route.ts:33:80)
    at async D:\KONYG\node_modules\next\dist\compiled\next-server\app-route.runtime.dev.js:6:53446
    at async e_.execute (D:\KONYG\node_modules\next\dist\compiled\next-server\app-route.runtime.dev.js:6:44747)
    at async e_.handle (D:\KONYG\node_modules\next\dist\compiled\next-server\app-route.runtime.dev.js:6:54700)
    at async doRender (D:\KONYG\node_modules\next\dist\server\base-server.js:1377:42)
    at async cacheEntry.responseCache.get.routeKind (D:\KONYG\node_modules\next\dist\server\base-server.js:1599:28)
    at async DevServer.renderToResponseWithComponentsImpl (D:\KONYG\node_modules\next\dist\server\base-server.js:1507:28)
    at async DevServer.renderPageComponent (D:\KONYG\node_modules\next\dist\server\base-server.js:1924:24)
    at async DevServer.renderToResponseImpl (D:\KONYG\node_modules\next\dist\server\base-server.js:1962:32)
    at async DevServer.pipeImpl (D:\KONYG\node_modules\next\dist\server\base-server.js:920:25)
    at async NextNodeServer.handleCatchallRenderRequest (D:\KONYG\node_modules\next\dist\server\next-server.js:272:17)
    at async DevServer.handleRequestImpl (D:\KONYG\node_modules\next\dist\server\base-server.js:816:17)
    at async D:\KONYG\node_modules\next\dist\server\dev\next-dev-server.js:339:20
    at async Span.traceAsyncFn (D:\KONYG\node_modules\next\dist\trace\trace.js:154:20)
    at async DevServer.handleRequest (D:\KONYG\node_modules\next\dist\server\dev\next-dev-server.js:336:24)
    at async invokeRender (D:\KONYG\node_modules\next\dist\server\lib\router-server.js:174:21)
    at async handleRequest (D:\KONYG\node_modules\next\dist\server\lib\router-server.js:353:24)
    at async requestHandlerImpl (D:\KONYG\node_modules\next\dist\server\lib\router-server.js:377:13)
    at async Server.requestListener (D:\KONYG\node_modules\next\dist\server\lib\start-server.js:141:13)
---
2026-01-07T07:09:11.639Z - Cannot read properties of undefined (reading 'findMany')
TypeError: Cannot read properties of undefined (reading 'findMany')
    at GET (webpack-internal:///(rsc)/./src/app/api/logs/route.ts:33:80)
    at async D:\KONYG\node_modules\next\dist\compiled\next-server\app-route.runtime.dev.js:6:53446
    at async e_.execute (D:\KONYG\node_modules\next\dist\compiled\next-server\app-route.runtime.dev.js:6:44747)
    at async e_.handle (D:\KONYG\node_modules\next\dist\compiled\next-server\app-route.runtime.dev.js:6:54700)
    at async doRender (D:\KONYG\node_modules\next\dist\server\base-server.js:1377:42)
    at async cacheEntry.responseCache.get.routeKind (D:\KONYG\node_modules\next\dist\server\base-server.js:1599:28)
    at async DevServer.renderToResponseWithComponentsImpl (D:\KONYG\node_modules\next\dist\server\base-server.js:1507:28)
    at async DevServer.renderPageComponent (D:\KONYG\node_modules\next\dist\server\base-server.js:1924:24)
    at async DevServer.renderToResponseImpl (D:\KONYG\node_modules\next\dist\server\base-server.js:1962:32)
    at async DevServer.pipeImpl (D:\KONYG\node_modules\next\dist\server\base-server.js:920:25)
    at async NextNodeServer.handleCatchallRenderRequest (D:\KONYG\node_modules\next\dist\server\next-server.js:272:17)
    at async DevServer.handleRequestImpl (D:\KONYG\node_modules\next\dist\server\base-server.js:816:17)
    at async D:\KONYG\node_modules\next\dist\server\dev\next-dev-server.js:339:20
    at async Span.traceAsyncFn (D:\KONYG\node_modules\next\dist\trace\trace.js:154:20)
    at async DevServer.handleRequest (D:\KONYG\node_modules\next\dist\server\dev\next-dev-server.js:336:24)
    at async invokeRender (D:\KONYG\node_modules\next\dist\server\lib\router-server.js:174:21)
    at async handleRequest (D:\KONYG\node_modules\next\dist\server\lib\router-server.js:353:24)
    at async requestHandlerImpl (D:\KONYG\node_modules\next\dist\server\lib\router-server.js:377:13)
    at async Server.requestListener (D:\KONYG\node_modules\next\dist\server\lib\start-server.js:141:13)
---
2026-01-07T07:14:59.732Z - Cannot read properties of undefined (reading 'findMany')
TypeError: Cannot read properties of undefined (reading 'findMany')
    at GET (webpack-internal:///(rsc)/./src/app/api/logs/route.ts:33:80)
    at async D:\KONYG\node_modules\next\dist\compiled\next-server\app-route.runtime.dev.js:6:53446
    at async e_.execute (D:\KONYG\node_modules\next\dist\compiled\next-server\app-route.runtime.dev.js:6:44747)
    at async e_.handle (D:\KONYG\node_modules\next\dist\compiled\next-server\app-route.runtime.dev.js:6:54700)
    at async doRender (D:\KONYG\node_modules\next\dist\server\base-server.js:1377:42)
    at async cacheEntry.responseCache.get.routeKind (D:\KONYG\node_modules\next\dist\server\base-server.js:1599:28)
    at async DevServer.renderToResponseWithComponentsImpl (D:\KONYG\node_modules\next\dist\server\base-server.js:1507:28)
    at async DevServer.renderPageComponent (D:\KONYG\node_modules\next\dist\server\base-server.js:1924:24)
    at async DevServer.renderToResponseImpl (D:\KONYG\node_modules\next\dist\server\base-server.js:1962:32)
    at async DevServer.pipeImpl (D:\KONYG\node_modules\next\dist\server\base-server.js:920:25)
    at async NextNodeServer.handleCatchallRenderRequest (D:\KONYG\node_modules\next\dist\server\next-server.js:272:17)
    at async DevServer.handleRequestImpl (D:\KONYG\node_modules\next\dist\server\base-server.js:816:17)
    at async D:\KONYG\node_modules\next\dist\server\dev\next-dev-server.js:339:20
    at async Span.traceAsyncFn (D:\KONYG\node_modules\next\dist\trace\trace.js:154:20)
    at async DevServer.handleRequest (D:\KONYG\node_modules\next\dist\server\dev\next-dev-server.js:336:24)
    at async invokeRender (D:\KONYG\node_modules\next\dist\server\lib\router-server.js:174:21)
    at async handleRequest (D:\KONYG\node_modules\next\dist\server\lib\router-server.js:353:24)
    at async requestHandlerImpl (D:\KONYG\node_modules\next\dist\server\lib\router-server.js:377:13)
    at async Server.requestListener (D:\KONYG\node_modules\next\dist\server\lib\start-server.js:141:13)
---
2026-01-07T07:15:00.113Z - Cannot read properties of undefined (reading 'findMany')
TypeError: Cannot read properties of undefined (reading 'findMany')
    at GET (webpack-internal:///(rsc)/./src/app/api/logs/route.ts:33:80)
    at async D:\KONYG\node_modules\next\dist\compiled\next-server\app-route.runtime.dev.js:6:53446
    at async e_.execute (D:\KONYG\node_modules\next\dist\compiled\next-server\app-route.runtime.dev.js:6:44747)
    at async e_.handle (D:\KONYG\node_modules\next\dist\compiled\next-server\app-route.runtime.dev.js:6:54700)
    at async doRender (D:\KONYG\node_modules\next\dist\server\base-server.js:1377:42)
    at async cacheEntry.responseCache.get.routeKind (D:\KONYG\node_modules\next\dist\server\base-server.js:1599:28)
    at async DevServer.renderToResponseWithComponentsImpl (D:\KONYG\node_modules\next\dist\server\base-server.js:1507:28)
    at async DevServer.renderPageComponent (D:\KONYG\node_modules\next\dist\server\base-server.js:1924:24)
    at async DevServer.renderToResponseImpl (D:\KONYG\node_modules\next\dist\server\base-server.js:1962:32)
    at async DevServer.pipeImpl (D:\KONYG\node_modules\next\dist\server\base-server.js:920:25)
    at async NextNodeServer.handleCatchallRenderRequest (D:\KONYG\node_modules\next\dist\server\next-server.js:272:17)
    at async DevServer.handleRequestImpl (D:\KONYG\node_modules\next\dist\server\base-server.js:816:17)
    at async D:\KONYG\node_modules\next\dist\server\dev\next-dev-server.js:339:20
    at async Span.traceAsyncFn (D:\KONYG\node_modules\next\dist\trace\trace.js:154:20)
    at async DevServer.handleRequest (D:\KONYG\node_modules\next\dist\server\dev\next-dev-server.js:336:24)
    at async invokeRender (D:\KONYG\node_modules\next\dist\server\lib\router-server.js:174:21)
    at async handleRequest (D:\KONYG\node_modules\next\dist\server\lib\router-server.js:353:24)
    at async requestHandlerImpl (D:\KONYG\node_modules\next\dist\server\lib\router-server.js:377:13)
    at async Server.requestListener (D:\KONYG\node_modules\next\dist\server\lib\start-server.js:141:13)
---
[2026-01-07T07:17:34.381Z] GET /api/staff ERROR: Cannot read properties of undefined (reading 'findMany')
TypeError: Cannot read properties of undefined (reading 'findMany')
    at GET (webpack-internal:///(rsc)/./src/app/api/staff/route.ts:39:83)
    at async D:\KONYG\node_modules\next\dist\compiled\next-server\app-route.runtime.dev.js:6:53446
    at async e_.execute (D:\KONYG\node_modules\next\dist\compiled\next-server\app-route.runtime.dev.js:6:44747)
    at async e_.handle (D:\KONYG\node_modules\next\dist\compiled\next-server\app-route.runtime.dev.js:6:54700)
    at async doRender (D:\KONYG\node_modules\next\dist\server\base-server.js:1377:42)
    at async cacheEntry.responseCache.get.routeKind (D:\KONYG\node_modules\next\dist\server\base-server.js:1599:28)
    at async DevServer.renderToResponseWithComponentsImpl (D:\KONYG\node_modules\next\dist\server\base-server.js:1507:28)
    at async DevServer.renderPageComponent (D:\KONYG\node_modules\next\dist\server\base-server.js:1924:24)
    at async DevServer.renderToResponseImpl (D:\KONYG\node_modules\next\dist\server\base-server.js:1962:32)
    at async DevServer.pipeImpl (D:\KONYG\node_modules\next\dist\server\base-server.js:920:25)
    at async NextNodeServer.handleCatchallRenderRequest (D:\KONYG\node_modules\next\dist\server\next-server.js:272:17)
    at async DevServer.handleRequestImpl (D:\KONYG\node_modules\next\dist\server\base-server.js:816:17)
    at async D:\KONYG\node_modules\next\dist\server\dev\next-dev-server.js:339:20
    at async Span.traceAsyncFn (D:\KONYG\node_modules\next\dist\trace\trace.js:154:20)
    at async DevServer.handleRequest (D:\KONYG\node_modules\next\dist\server\dev\next-dev-server.js:336:24)
    at async invokeRender (D:\KONYG\node_modules\next\dist\server\lib\router-server.js:174:21)
    at async handleRequest (D:\KONYG\node_modules\next\dist\server\lib\router-server.js:353:24)
    at async requestHandlerImpl (D:\KONYG\node_modules\next\dist\server\lib\router-server.js:377:13)
    at async Server.requestListener (D:\KONYG\node_modules\next\dist\server\lib\start-server.js:141:13)
[2026-01-07T07:17:37.423Z] GET /api/staff ERROR: Cannot read properties of undefined (reading 'findMany')
TypeError: Cannot read properties of undefined (reading 'findMany')
    at GET (webpack-internal:///(rsc)/./src/app/api/staff/route.ts:39:83)
    at async D:\KONYG\node_modules\next\dist\compiled\next-server\app-route.runtime.dev.js:6:53446
    at async e_.execute (D:\KONYG\node_modules\next\dist\compiled\next-server\app-route.runtime.dev.js:6:44747)
    at async e_.handle (D:\KONYG\node_modules\next\dist\compiled\next-server\app-route.runtime.dev.js:6:54700)
    at async doRender (D:\KONYG\node_modules\next\dist\server\base-server.js:1377:42)
    at async cacheEntry.responseCache.get.routeKind (D:\KONYG\node_modules\next\dist\server\base-server.js:1599:28)
    at async DevServer.renderToResponseWithComponentsImpl (D:\KONYG\node_modules\next\dist\server\base-server.js:1507:28)
    at async DevServer.renderPageComponent (D:\KONYG\node_modules\next\dist\server\base-server.js:1924:24)
    at async DevServer.renderToResponseImpl (D:\KONYG\node_modules\next\dist\server\base-server.js:1962:32)
    at async DevServer.pipeImpl (D:\KONYG\node_modules\next\dist\server\base-server.js:920:25)
    at async NextNodeServer.handleCatchallRenderRequest (D:\KONYG\node_modules\next\dist\server\next-server.js:272:17)
    at async DevServer.handleRequestImpl (D:\KONYG\node_modules\next\dist\server\base-server.js:816:17)
    at async D:\KONYG\node_modules\next\dist\server\dev\next-dev-server.js:339:20
    at async Span.traceAsyncFn (D:\KONYG\node_modules\next\dist\trace\trace.js:154:20)
    at async DevServer.handleRequest (D:\KONYG\node_modules\next\dist\server\dev\next-dev-server.js:336:24)
    at async invokeRender (D:\KONYG\node_modules\next\dist\server\lib\router-server.js:174:21)
    at async handleRequest (D:\KONYG\node_modules\next\dist\server\lib\router-server.js:353:24)
    at async requestHandlerImpl (D:\KONYG\node_modules\next\dist\server\lib\router-server.js:377:13)
    at async Server.requestListener (D:\KONYG\node_modules\next\dist\server\lib\start-server.js:141:13)
[2026-01-07T07:19:22.512Z] GET /api/staff ERROR: Cannot read properties of undefined (reading 'findMany')
TypeError: Cannot read properties of undefined (reading 'findMany')
    at GET (webpack-internal:///(rsc)/./src/app/api/staff/route.ts:39:83)
    at async D:\KONYG\node_modules\next\dist\compiled\next-server\app-route.runtime.dev.js:6:53446
    at async e_.execute (D:\KONYG\node_modules\next\dist\compiled\next-server\app-route.runtime.dev.js:6:44747)
    at async e_.handle (D:\KONYG\node_modules\next\dist\compiled\next-server\app-route.runtime.dev.js:6:54700)
    at async doRender (D:\KONYG\node_modules\next\dist\server\base-server.js:1377:42)
    at async cacheEntry.responseCache.get.routeKind (D:\KONYG\node_modules\next\dist\server\base-server.js:1599:28)
    at async DevServer.renderToResponseWithComponentsImpl (D:\KONYG\node_modules\next\dist\server\base-server.js:1507:28)
    at async DevServer.renderPageComponent (D:\KONYG\node_modules\next\dist\server\base-server.js:1924:24)
    at async DevServer.renderToResponseImpl (D:\KONYG\node_modules\next\dist\server\base-server.js:1962:32)
    at async DevServer.pipeImpl (D:\KONYG\node_modules\next\dist\server\base-server.js:920:25)
    at async NextNodeServer.handleCatchallRenderRequest (D:\KONYG\node_modules\next\dist\server\next-server.js:272:17)
    at async DevServer.handleRequestImpl (D:\KONYG\node_modules\next\dist\server\base-server.js:816:17)
    at async D:\KONYG\node_modules\next\dist\server\dev\next-dev-server.js:339:20
    at async Span.traceAsyncFn (D:\KONYG\node_modules\next\dist\trace\trace.js:154:20)
    at async DevServer.handleRequest (D:\KONYG\node_modules\next\dist\server\dev\next-dev-server.js:336:24)
    at async invokeRender (D:\KONYG\node_modules\next\dist\server\lib\router-server.js:174:21)
    at async handleRequest (D:\KONYG\node_modules\next\dist\server\lib\router-server.js:353:24)
    at async requestHandlerImpl (D:\KONYG\node_modules\next\dist\server\lib\router-server.js:377:13)
    at async Server.requestListener (D:\KONYG\node_modules\next\dist\server\lib\start-server.js:141:13)
[2026-01-07T07:19:25.623Z] GET /api/staff ERROR: Cannot read properties of undefined (reading 'findMany')
TypeError: Cannot read properties of undefined (reading 'findMany')
    at GET (webpack-internal:///(rsc)/./src/app/api/staff/route.ts:39:83)
    at async D:\KONYG\node_modules\next\dist\compiled\next-server\app-route.runtime.dev.js:6:53446
    at async e_.execute (D:\KONYG\node_modules\next\dist\compiled\next-server\app-route.runtime.dev.js:6:44747)
    at async e_.handle (D:\KONYG\node_modules\next\dist\compiled\next-server\app-route.runtime.dev.js:6:54700)
    at async doRender (D:\KONYG\node_modules\next\dist\server\base-server.js:1377:42)
    at async cacheEntry.responseCache.get.routeKind (D:\KONYG\node_modules\next\dist\server\base-server.js:1599:28)
    at async DevServer.renderToResponseWithComponentsImpl (D:\KONYG\node_modules\next\dist\server\base-server.js:1507:28)
    at async DevServer.renderPageComponent (D:\KONYG\node_modules\next\dist\server\base-server.js:1924:24)
    at async DevServer.renderToResponseImpl (D:\KONYG\node_modules\next\dist\server\base-server.js:1962:32)
    at async DevServer.pipeImpl (D:\KONYG\node_modules\next\dist\server\base-server.js:920:25)
    at async NextNodeServer.handleCatchallRenderRequest (D:\KONYG\node_modules\next\dist\server\next-server.js:272:17)
    at async DevServer.handleRequestImpl (D:\KONYG\node_modules\next\dist\server\base-server.js:816:17)
    at async D:\KONYG\node_modules\next\dist\server\dev\next-dev-server.js:339:20
    at async Span.traceAsyncFn (D:\KONYG\node_modules\next\dist\trace\trace.js:154:20)
    at async DevServer.handleRequest (D:\KONYG\node_modules\next\dist\server\dev\next-dev-server.js:336:24)
    at async invokeRender (D:\KONYG\node_modules\next\dist\server\lib\router-server.js:174:21)
    at async handleRequest (D:\KONYG\node_modules\next\dist\server\lib\router-server.js:353:24)
    at async requestHandlerImpl (D:\KONYG\node_modules\next\dist\server\lib\router-server.js:377:13)
    at async Server.requestListener (D:\KONYG\node_modules\next\dist\server\lib\start-server.js:141:13)
[2026-01-07T07:24:48.128Z] GET /api/staff ERROR: Cannot read properties of undefined (reading 'findMany')
TypeError: Cannot read properties of undefined (reading 'findMany')
    at GET (webpack-internal:///(rsc)/./src/app/api/staff/route.ts:39:83)
    at async D:\KONYG\node_modules\next\dist\compiled\next-server\app-route.runtime.dev.js:6:53446
    at async e_.execute (D:\KONYG\node_modules\next\dist\compiled\next-server\app-route.runtime.dev.js:6:44747)
    at async e_.handle (D:\KONYG\node_modules\next\dist\compiled\next-server\app-route.runtime.dev.js:6:54700)
    at async doRender (D:\KONYG\node_modules\next\dist\server\base-server.js:1377:42)
    at async cacheEntry.responseCache.get.routeKind (D:\KONYG\node_modules\next\dist\server\base-server.js:1599:28)
    at async DevServer.renderToResponseWithComponentsImpl (D:\KONYG\node_modules\next\dist\server\base-server.js:1507:28)
    at async DevServer.renderPageComponent (D:\KONYG\node_modules\next\dist\server\base-server.js:1924:24)
    at async DevServer.renderToResponseImpl (D:\KONYG\node_modules\next\dist\server\base-server.js:1962:32)
    at async DevServer.pipeImpl (D:\KONYG\node_modules\next\dist\server\base-server.js:920:25)
    at async NextNodeServer.handleCatchallRenderRequest (D:\KONYG\node_modules\next\dist\server\next-server.js:272:17)
    at async DevServer.handleRequestImpl (D:\KONYG\node_modules\next\dist\server\base-server.js:816:17)
    at async D:\KONYG\node_modules\next\dist\server\dev\next-dev-server.js:339:20
    at async Span.traceAsyncFn (D:\KONYG\node_modules\next\dist\trace\trace.js:154:20)
    at async DevServer.handleRequest (D:\KONYG\node_modules\next\dist\server\dev\next-dev-server.js:336:24)
    at async invokeRender (D:\KONYG\node_modules\next\dist\server\lib\router-server.js:174:21)
    at async handleRequest (D:\KONYG\node_modules\next\dist\server\lib\router-server.js:353:24)
    at async requestHandlerImpl (D:\KONYG\node_modules\next\dist\server\lib\router-server.js:377:13)
    at async Server.requestListener (D:\KONYG\node_modules\next\dist\server\lib\start-server.js:141:13)
[2026-01-07T07:24:48.502Z] GET /api/staff ERROR: Cannot read properties of undefined (reading 'findMany')
TypeError: Cannot read properties of undefined (reading 'findMany')
    at GET (webpack-internal:///(rsc)/./src/app/api/staff/route.ts:39:83)
    at async D:\KONYG\node_modules\next\dist\compiled\next-server\app-route.runtime.dev.js:6:53446
    at async e_.execute (D:\KONYG\node_modules\next\dist\compiled\next-server\app-route.runtime.dev.js:6:44747)
    at async e_.handle (D:\KONYG\node_modules\next\dist\compiled\next-server\app-route.runtime.dev.js:6:54700)
    at async doRender (D:\KONYG\node_modules\next\dist\server\base-server.js:1377:42)
    at async cacheEntry.responseCache.get.routeKind (D:\KONYG\node_modules\next\dist\server\base-server.js:1599:28)
    at async DevServer.renderToResponseWithComponentsImpl (D:\KONYG\node_modules\next\dist\server\base-server.js:1507:28)
    at async DevServer.renderPageComponent (D:\KONYG\node_modules\next\dist\server\base-server.js:1924:24)
    at async DevServer.renderToResponseImpl (D:\KONYG\node_modules\next\dist\server\base-server.js:1962:32)
    at async DevServer.pipeImpl (D:\KONYG\node_modules\next\dist\server\base-server.js:920:25)
    at async NextNodeServer.handleCatchallRenderRequest (D:\KONYG\node_modules\next\dist\server\next-server.js:272:17)
    at async DevServer.handleRequestImpl (D:\KONYG\node_modules\next\dist\server\base-server.js:816:17)
    at async D:\KONYG\node_modules\next\dist\server\dev\next-dev-server.js:339:20
    at async Span.traceAsyncFn (D:\KONYG\node_modules\next\dist\trace\trace.js:154:20)
    at async DevServer.handleRequest (D:\KONYG\node_modules\next\dist\server\dev\next-dev-server.js:336:24)
    at async invokeRender (D:\KONYG\node_modules\next\dist\server\lib\router-server.js:174:21)
    at async handleRequest (D:\KONYG\node_modules\next\dist\server\lib\router-server.js:353:24)
    at async requestHandlerImpl (D:\KONYG\node_modules\next\dist\server\lib\router-server.js:377:13)
    at async Server.requestListener (D:\KONYG\node_modules\next\dist\server\lib\start-server.js:141:13)
2026-01-09T13:30:10.579Z - Dynamic server usage: Route /api/logs couldn't be rendered statically because it used cookies. See more info here: https://nextjs.org/docs/messages/dynamic-server-error
Error: Dynamic server usage: Route /api/logs couldn't be rendered statically because it used cookies. See more info here: https://nextjs.org/docs/messages/dynamic-server-error
    at l (D:\KONYG\.next\server\chunks\8948.js:1:37249)
    at Object.f (D:\KONYG\.next\server\chunks\1291.js:1:1692)
    at l (D:\KONYG\.next\server\app\api\logs\route.js:1:1082)
    at D:\KONYG\node_modules\next\dist\compiled\next-server\app-route.runtime.prod.js:6:34672
    at D:\KONYG\node_modules\next\dist\server\lib\trace\tracer.js:140:36
    at NoopContextManager.with (D:\KONYG\node_modules\next\dist\compiled\@opentelemetry\api\index.js:1:7062)
    at ContextAPI.with (D:\KONYG\node_modules\next\dist\compiled\@opentelemetry\api\index.js:1:518)
    at NoopTracer.startActiveSpan (D:\KONYG\node_modules\next\dist\compiled\@opentelemetry\api\index.js:1:18093)
    at ProxyTracer.startActiveSpan (D:\KONYG\node_modules\next\dist\compiled\@opentelemetry\api\index.js:1:18854)
    at D:\KONYG\node_modules\next\dist\server\lib\trace\tracer.js:122:103
---
2026-01-09T13:32:05.350Z - Dynamic server usage: Route /api/logs couldn't be rendered statically because it used cookies. See more info here: https://nextjs.org/docs/messages/dynamic-server-error
Error: Dynamic server usage: Route /api/logs couldn't be rendered statically because it used cookies. See more info here: https://nextjs.org/docs/messages/dynamic-server-error
    at l (D:\KONYG\.next\server\chunks\8948.js:1:37249)
    at Object.f (D:\KONYG\.next\server\chunks\1291.js:1:1692)
    at l (D:\KONYG\.next\server\app\api\logs\route.js:1:1082)
    at D:\KONYG\node_modules\next\dist\compiled\next-server\app-route.runtime.prod.js:6:34672
    at D:\KONYG\node_modules\next\dist\server\lib\trace\tracer.js:140:36
    at NoopContextManager.with (D:\KONYG\node_modules\next\dist\compiled\@opentelemetry\api\index.js:1:7062)
    at ContextAPI.with (D:\KONYG\node_modules\next\dist\compiled\@opentelemetry\api\index.js:1:518)
    at NoopTracer.startActiveSpan (D:\KONYG\node_modules\next\dist\compiled\@opentelemetry\api\index.js:1:18093)
    at ProxyTracer.startActiveSpan (D:\KONYG\node_modules\next\dist\compiled\@opentelemetry\api\index.js:1:18854)
    at D:\KONYG\node_modules\next\dist\server\lib\trace\tracer.js:122:103
---
2026-01-09T13:37:20.869Z - Dynamic server usage: Route /api/logs couldn't be rendered statically because it used cookies. See more info here: https://nextjs.org/docs/messages/dynamic-server-error
Error: Dynamic server usage: Route /api/logs couldn't be rendered statically because it used cookies. See more info here: https://nextjs.org/docs/messages/dynamic-server-error
    at l (D:\KONYG\.next\server\chunks\8948.js:1:37249)
    at Object.f (D:\KONYG\.next\server\chunks\1291.js:1:1692)
    at l (D:\KONYG\.next\server\app\api\logs\route.js:1:1082)
    at D:\KONYG\node_modules\next\dist\compiled\next-server\app-route.runtime.prod.js:6:34672
    at D:\KONYG\node_modules\next\dist\server\lib\trace\tracer.js:140:36
    at NoopContextManager.with (D:\KONYG\node_modules\next\dist\compiled\@opentelemetry\api\index.js:1:7062)
    at ContextAPI.with (D:\KONYG\node_modules\next\dist\compiled\@opentelemetry\api\index.js:1:518)
    at NoopTracer.startActiveSpan (D:\KONYG\node_modules\next\dist\compiled\@opentelemetry\api\index.js:1:18093)
    at ProxyTracer.startActiveSpan (D:\KONYG\node_modules\next\dist\compiled\@opentelemetry\api\index.js:1:18854)
    at D:\KONYG\node_modules\next\dist\server\lib\trace\tracer.js:122:103
---
2026-01-09T13:47:12.466Z - Dynamic server usage: Route /api/logs couldn't be rendered statically because it used cookies. See more info here: https://nextjs.org/docs/messages/dynamic-server-error
Error: Dynamic server usage: Route /api/logs couldn't be rendered statically because it used cookies. See more info here: https://nextjs.org/docs/messages/dynamic-server-error
    at l (D:\KONYG\.next\server\chunks\8948.js:1:37249)
    at Object.f (D:\KONYG\.next\server\chunks\1291.js:1:1692)
    at l (D:\KONYG\.next\server\app\api\logs\route.js:1:1082)
    at D:\KONYG\node_modules\next\dist\compiled\next-server\app-route.runtime.prod.js:6:34672
    at D:\KONYG\node_modules\next\dist\server\lib\trace\tracer.js:140:36
    at NoopContextManager.with (D:\KONYG\node_modules\next\dist\compiled\@opentelemetry\api\index.js:1:7062)
    at ContextAPI.with (D:\KONYG\node_modules\next\dist\compiled\@opentelemetry\api\index.js:1:518)
    at NoopTracer.startActiveSpan (D:\KONYG\node_modules\next\dist\compiled\@opentelemetry\api\index.js:1:18093)
    at ProxyTracer.startActiveSpan (D:\KONYG\node_modules\next\dist\compiled\@opentelemetry\api\index.js:1:18854)
    at D:\KONYG\node_modules\next\dist\server\lib\trace\tracer.js:122:103
---
2026-01-09T14:02:26.577Z - Dynamic server usage: Route /api/logs couldn't be rendered statically because it used cookies. See more info here: https://nextjs.org/docs/messages/dynamic-server-error
Error: Dynamic server usage: Route /api/logs couldn't be rendered statically because it used cookies. See more info here: https://nextjs.org/docs/messages/dynamic-server-error
    at l (D:\KONYG\.next\server\chunks\8948.js:1:37249)
    at Object.f (D:\KONYG\.next\server\chunks\1291.js:1:1692)
    at l (D:\KONYG\.next\server\app\api\logs\route.js:1:1082)
    at D:\KONYG\node_modules\next\dist\compiled\next-server\app-route.runtime.prod.js:6:34672
    at D:\KONYG\node_modules\next\dist\server\lib\trace\tracer.js:140:36
    at NoopContextManager.with (D:\KONYG\node_modules\next\dist\compiled\@opentelemetry\api\index.js:1:7062)
    at ContextAPI.with (D:\KONYG\node_modules\next\dist\compiled\@opentelemetry\api\index.js:1:518)
    at NoopTracer.startActiveSpan (D:\KONYG\node_modules\next\dist\compiled\@opentelemetry\api\index.js:1:18093)
    at ProxyTracer.startActiveSpan (D:\KONYG\node_modules\next\dist\compiled\@opentelemetry\api\index.js:1:18854)
    at D:\KONYG\node_modules\next\dist\server\lib\trace\tracer.js:122:103
---
2026-01-09T14:05:44.752Z - Dynamic server usage: Route /api/logs couldn't be rendered statically because it used cookies. See more info here: https://nextjs.org/docs/messages/dynamic-server-error
Error: Dynamic server usage: Route /api/logs couldn't be rendered statically because it used cookies. See more info here: https://nextjs.org/docs/messages/dynamic-server-error
    at l (D:\KONYG\.next\server\chunks\8948.js:1:37249)
    at Object.f (D:\KONYG\.next\server\chunks\1291.js:1:1692)
    at l (D:\KONYG\.next\server\app\api\logs\route.js:1:1082)
    at D:\KONYG\node_modules\next\dist\compiled\next-server\app-route.runtime.prod.js:6:34672
    at D:\KONYG\node_modules\next\dist\server\lib\trace\tracer.js:140:36
    at NoopContextManager.with (D:\KONYG\node_modules\next\dist\compiled\@opentelemetry\api\index.js:1:7062)
    at ContextAPI.with (D:\KONYG\node_modules\next\dist\compiled\@opentelemetry\api\index.js:1:518)
    at NoopTracer.startActiveSpan (D:\KONYG\node_modules\next\dist\compiled\@opentelemetry\api\index.js:1:18093)
    at ProxyTracer.startActiveSpan (D:\KONYG\node_modules\next\dist\compiled\@opentelemetry\api\index.js:1:18854)
    at D:\KONYG\node_modules\next\dist\server\lib\trace\tracer.js:122:103
---
2026-01-09T14:10:30.739Z - Dynamic server usage: Route /api/logs couldn't be rendered statically because it used cookies. See more info here: https://nextjs.org/docs/messages/dynamic-server-error
Error: Dynamic server usage: Route /api/logs couldn't be rendered statically because it used cookies. See more info here: https://nextjs.org/docs/messages/dynamic-server-error
    at l (D:\KONYG\.next\server\chunks\8948.js:1:37249)
    at Object.f (D:\KONYG\.next\server\chunks\1291.js:1:1692)
    at l (D:\KONYG\.next\server\app\api\logs\route.js:1:1082)
    at D:\KONYG\node_modules\next\dist\compiled\next-server\app-route.runtime.prod.js:6:34672
    at D:\KONYG\node_modules\next\dist\server\lib\trace\tracer.js:140:36
    at NoopContextManager.with (D:\KONYG\node_modules\next\dist\compiled\@opentelemetry\api\index.js:1:7062)
    at ContextAPI.with (D:\KONYG\node_modules\next\dist\compiled\@opentelemetry\api\index.js:1:518)
    at NoopTracer.startActiveSpan (D:\KONYG\node_modules\next\dist\compiled\@opentelemetry\api\index.js:1:18093)
    at ProxyTracer.startActiveSpan (D:\KONYG\node_modules\next\dist\compiled\@opentelemetry\api\index.js:1:18854)
    at D:\KONYG\node_modules\next\dist\server\lib\trace\tracer.js:122:103
---
2026-01-09T14:21:46.701Z - Dynamic server usage: Route /api/logs couldn't be rendered statically because it used cookies. See more info here: https://nextjs.org/docs/messages/dynamic-server-error
Error: Dynamic server usage: Route /api/logs couldn't be rendered statically because it used cookies. See more info here: https://nextjs.org/docs/messages/dynamic-server-error
    at l (D:\KONYG\.next\server\chunks\8948.js:1:37249)
    at Object.f (D:\KONYG\.next\server\chunks\1291.js:1:1692)
    at l (D:\KONYG\.next\server\app\api\logs\route.js:1:1082)
    at D:\KONYG\node_modules\next\dist\compiled\next-server\app-route.runtime.prod.js:6:34672
    at D:\KONYG\node_modules\next\dist\server\lib\trace\tracer.js:140:36
    at NoopContextManager.with (D:\KONYG\node_modules\next\dist\compiled\@opentelemetry\api\index.js:1:7062)
    at ContextAPI.with (D:\KONYG\node_modules\next\dist\compiled\@opentelemetry\api\index.js:1:518)
    at NoopTracer.startActiveSpan (D:\KONYG\node_modules\next\dist\compiled\@opentelemetry\api\index.js:1:18093)
    at ProxyTracer.startActiveSpan (D:\KONYG\node_modules\next\dist\compiled\@opentelemetry\api\index.js:1:18854)
    at D:\KONYG\node_modules\next\dist\server\lib\trace\tracer.js:122:103
---
2026-01-09T14:32:07.063Z - Dynamic server usage: Route /api/logs couldn't be rendered statically because it used cookies. See more info here: https://nextjs.org/docs/messages/dynamic-server-error
Error: Dynamic server usage: Route /api/logs couldn't be rendered statically because it used cookies. See more info here: https://nextjs.org/docs/messages/dynamic-server-error
    at l (D:\KONYG\.next\server\chunks\8948.js:1:37249)
    at Object.f (D:\KONYG\.next\server\chunks\1291.js:1:1692)
    at l (D:\KONYG\.next\server\app\api\logs\route.js:1:1082)
    at D:\KONYG\node_modules\next\dist\compiled\next-server\app-route.runtime.prod.js:6:34672
    at D:\KONYG\node_modules\next\dist\server\lib\trace\tracer.js:140:36
    at NoopContextManager.with (D:\KONYG\node_modules\next\dist\compiled\@opentelemetry\api\index.js:1:7062)
    at ContextAPI.with (D:\KONYG\node_modules\next\dist\compiled\@opentelemetry\api\index.js:1:518)
    at NoopTracer.startActiveSpan (D:\KONYG\node_modules\next\dist\compiled\@opentelemetry\api\index.js:1:18093)
    at ProxyTracer.startActiveSpan (D:\KONYG\node_modules\next\dist\compiled\@opentelemetry\api\index.js:1:18854)
    at D:\KONYG\node_modules\next\dist\server\lib\trace\tracer.js:122:103
---
2026-02-04T12:50:53.102Z - Dynamic server usage: Route /api/logs couldn't be rendered statically because it used cookies. See more info here: https://nextjs.org/docs/messages/dynamic-server-error
Error: Dynamic server usage: Route /api/logs couldn't be rendered statically because it used cookies. See more info here: https://nextjs.org/docs/messages/dynamic-server-error
    at l (D:\KONYG\.next\server\chunks\8948.js:1:37249)
    at Object.f (D:\KONYG\.next\server\chunks\1291.js:1:1692)
    at l (D:\KONYG\.next\server\app\api\logs\route.js:1:1082)
    at D:\KONYG\node_modules\next\dist\compiled\next-server\app-route.runtime.prod.js:6:34672
    at D:\KONYG\node_modules\next\dist\server\lib\trace\tracer.js:140:36
    at NoopContextManager.with (D:\KONYG\node_modules\next\dist\compiled\@opentelemetry\api\index.js:1:7062)
    at ContextAPI.with (D:\KONYG\node_modules\next\dist\compiled\@opentelemetry\api\index.js:1:518)
    at NoopTracer.startActiveSpan (D:\KONYG\node_modules\next\dist\compiled\@opentelemetry\api\index.js:1:18093)
    at ProxyTracer.startActiveSpan (D:\KONYG\node_modules\next\dist\compiled\@opentelemetry\api\index.js:1:18854)
    at D:\KONYG\node_modules\next\dist\server\lib\trace\tracer.js:122:103
---
2026-02-04T12:58:33.651Z - Dynamic server usage: Route /api/logs couldn't be rendered statically because it used cookies. See more info here: https://nextjs.org/docs/messages/dynamic-server-error
Error: Dynamic server usage: Route /api/logs couldn't be rendered statically because it used cookies. See more info here: https://nextjs.org/docs/messages/dynamic-server-error
    at l (D:\KONYG\.next\server\chunks\8948.js:1:37249)
    at Object.f (D:\KONYG\.next\server\chunks\1291.js:1:1692)
    at l (D:\KONYG\.next\server\app\api\logs\route.js:1:1082)
    at D:\KONYG\node_modules\next\dist\compiled\next-server\app-route.runtime.prod.js:6:34672
    at D:\KONYG\node_modules\next\dist\server\lib\trace\tracer.js:140:36
    at NoopContextManager.with (D:\KONYG\node_modules\next\dist\compiled\@opentelemetry\api\index.js:1:7062)
    at ContextAPI.with (D:\KONYG\node_modules\next\dist\compiled\@opentelemetry\api\index.js:1:518)
    at NoopTracer.startActiveSpan (D:\KONYG\node_modules\next\dist\compiled\@opentelemetry\api\index.js:1:18093)
    at ProxyTracer.startActiveSpan (D:\KONYG\node_modules\next\dist\compiled\@opentelemetry\api\index.js:1:18854)
    at D:\KONYG\node_modules\next\dist\server\lib\trace\tracer.js:122:103
---
2026-02-04T13:06:08.896Z - Dynamic server usage: Route /api/logs couldn't be rendered statically because it used cookies. See more info here: https://nextjs.org/docs/messages/dynamic-server-error
Error: Dynamic server usage: Route /api/logs couldn't be rendered statically because it used cookies. See more info here: https://nextjs.org/docs/messages/dynamic-server-error
    at l (D:\KONYG\.next\server\chunks\8948.js:1:37249)
    at Object.f (D:\KONYG\.next\server\chunks\1291.js:1:1692)
    at l (D:\KONYG\.next\server\app\api\logs\route.js:1:1082)
    at D:\KONYG\node_modules\next\dist\compiled\next-server\app-route.runtime.prod.js:6:34672
    at D:\KONYG\node_modules\next\dist\server\lib\trace\tracer.js:140:36
    at NoopContextManager.with (D:\KONYG\node_modules\next\dist\compiled\@opentelemetry\api\index.js:1:7062)
    at ContextAPI.with (D:\KONYG\node_modules\next\dist\compiled\@opentelemetry\api\index.js:1:518)
    at NoopTracer.startActiveSpan (D:\KONYG\node_modules\next\dist\compiled\@opentelemetry\api\index.js:1:18093)
    at ProxyTracer.startActiveSpan (D:\KONYG\node_modules\next\dist\compiled\@opentelemetry\api\index.js:1:18854)
    at D:\KONYG\node_modules\next\dist\server\lib\trace\tracer.js:122:103
---
2026-02-04T13:12:19.050Z - Dynamic server usage: Route /api/logs couldn't be rendered statically because it used cookies. See more info here: https://nextjs.org/docs/messages/dynamic-server-error
Error: Dynamic server usage: Route /api/logs couldn't be rendered statically because it used cookies. See more info here: https://nextjs.org/docs/messages/dynamic-server-error
    at l (D:\KONYG\.next\server\chunks\8948.js:1:37249)
    at Object.f (D:\KONYG\.next\server\chunks\1291.js:1:1692)
    at l (D:\KONYG\.next\server\app\api\logs\route.js:1:1082)
    at D:\KONYG\node_modules\next\dist\compiled\next-server\app-route.runtime.prod.js:6:34672
    at D:\KONYG\node_modules\next\dist\server\lib\trace\tracer.js:140:36
    at NoopContextManager.with (D:\KONYG\node_modules\next\dist\compiled\@opentelemetry\api\index.js:1:7062)
    at ContextAPI.with (D:\KONYG\node_modules\next\dist\compiled\@opentelemetry\api\index.js:1:518)
    at NoopTracer.startActiveSpan (D:\KONYG\node_modules\next\dist\compiled\@opentelemetry\api\index.js:1:18093)
    at ProxyTracer.startActiveSpan (D:\KONYG\node_modules\next\dist\compiled\@opentelemetry\api\index.js:1:18854)
    at D:\KONYG\node_modules\next\dist\server\lib\trace\tracer.js:122:103
---
2026-02-04T13:18:31.810Z - Dynamic server usage: Route /api/logs couldn't be rendered statically because it used cookies. See more info here: https://nextjs.org/docs/messages/dynamic-server-error
Error: Dynamic server usage: Route /api/logs couldn't be rendered statically because it used cookies. See more info here: https://nextjs.org/docs/messages/dynamic-server-error
    at l (D:\KONYG\.next\server\chunks\8948.js:1:37249)
    at Object.f (D:\KONYG\.next\server\chunks\1291.js:1:1692)
    at l (D:\KONYG\.next\server\app\api\logs\route.js:1:1082)
    at D:\KONYG\node_modules\next\dist\compiled\next-server\app-route.runtime.prod.js:6:34672
    at D:\KONYG\node_modules\next\dist\server\lib\trace\tracer.js:140:36
    at NoopContextManager.with (D:\KONYG\node_modules\next\dist\compiled\@opentelemetry\api\index.js:1:7062)
    at ContextAPI.with (D:\KONYG\node_modules\next\dist\compiled\@opentelemetry\api\index.js:1:518)
    at NoopTracer.startActiveSpan (D:\KONYG\node_modules\next\dist\compiled\@opentelemetry\api\index.js:1:18093)
    at ProxyTracer.startActiveSpan (D:\KONYG\node_modules\next\dist\compiled\@opentelemetry\api\index.js:1:18854)
    at D:\KONYG\node_modules\next\dist\server\lib\trace\tracer.js:122:103
---
2026-02-04T13:19:53.886Z - Dynamic server usage: Route /api/logs couldn't be rendered statically because it used cookies. See more info here: https://nextjs.org/docs/messages/dynamic-server-error
Error: Dynamic server usage: Route /api/logs couldn't be rendered statically because it used cookies. See more info here: https://nextjs.org/docs/messages/dynamic-server-error
    at l (D:\KONYG\.next\server\chunks\8948.js:1:37249)
    at Object.f (D:\KONYG\.next\server\chunks\1291.js:1:1692)
    at l (D:\KONYG\.next\server\app\api\logs\route.js:1:1082)
    at D:\KONYG\node_modules\next\dist\compiled\next-server\app-route.runtime.prod.js:6:34672
    at D:\KONYG\node_modules\next\dist\server\lib\trace\tracer.js:140:36
    at NoopContextManager.with (D:\KONYG\node_modules\next\dist\compiled\@opentelemetry\api\index.js:1:7062)
    at ContextAPI.with (D:\KONYG\node_modules\next\dist\compiled\@opentelemetry\api\index.js:1:518)
    at NoopTracer.startActiveSpan (D:\KONYG\node_modules\next\dist\compiled\@opentelemetry\api\index.js:1:18093)
    at ProxyTracer.startActiveSpan (D:\KONYG\node_modules\next\dist\compiled\@opentelemetry\api\index.js:1:18854)
    at D:\KONYG\node_modules\next\dist\server\lib\trace\tracer.js:122:103
---
2026-02-04T13:21:21.701Z - Dynamic server usage: Route /api/logs couldn't be rendered statically because it used cookies. See more info here: https://nextjs.org/docs/messages/dynamic-server-error
Error: Dynamic server usage: Route /api/logs couldn't be rendered statically because it used cookies. See more info here: https://nextjs.org/docs/messages/dynamic-server-error
    at l (D:\KONYG\.next\server\chunks\8948.js:1:37249)
    at Object.f (D:\KONYG\.next\server\chunks\1291.js:1:1692)
    at l (D:\KONYG\.next\server\app\api\logs\route.js:1:1082)
    at D:\KONYG\node_modules\next\dist\compiled\next-server\app-route.runtime.prod.js:6:34672
    at D:\KONYG\node_modules\next\dist\server\lib\trace\tracer.js:140:36
    at NoopContextManager.with (D:\KONYG\node_modules\next\dist\compiled\@opentelemetry\api\index.js:1:7062)
    at ContextAPI.with (D:\KONYG\node_modules\next\dist\compiled\@opentelemetry\api\index.js:1:518)
    at NoopTracer.startActiveSpan (D:\KONYG\node_modules\next\dist\compiled\@opentelemetry\api\index.js:1:18093)
    at ProxyTracer.startActiveSpan (D:\KONYG\node_modules\next\dist\compiled\@opentelemetry\api\index.js:1:18854)
    at D:\KONYG\node_modules\next\dist\server\lib\trace\tracer.js:122:103
---
2026-02-04T13:30:07.714Z - Dynamic server usage: Route /api/logs couldn't be rendered statically because it used cookies. See more info here: https://nextjs.org/docs/messages/dynamic-server-error
Error: Dynamic server usage: Route /api/logs couldn't be rendered statically because it used cookies. See more info here: https://nextjs.org/docs/messages/dynamic-server-error
    at l (D:\KONYG\.next\server\chunks\8948.js:1:37249)
    at Object.f (D:\KONYG\.next\server\chunks\1291.js:1:1692)
    at l (D:\KONYG\.next\server\app\api\logs\route.js:1:1082)
    at D:\KONYG\node_modules\next\dist\compiled\next-server\app-route.runtime.prod.js:6:34672
    at D:\KONYG\node_modules\next\dist\server\lib\trace\tracer.js:140:36
    at NoopContextManager.with (D:\KONYG\node_modules\next\dist\compiled\@opentelemetry\api\index.js:1:7062)
    at ContextAPI.with (D:\KONYG\node_modules\next\dist\compiled\@opentelemetry\api\index.js:1:518)
    at NoopTracer.startActiveSpan (D:\KONYG\node_modules\next\dist\compiled\@opentelemetry\api\index.js:1:18093)
    at ProxyTracer.startActiveSpan (D:\KONYG\node_modules\next\dist\compiled\@opentelemetry\api\index.js:1:18854)
    at D:\KONYG\node_modules\next\dist\server\lib\trace\tracer.js:122:103
---
2026-02-04T13:32:32.530Z - Dynamic server usage: Route /api/logs couldn't be rendered statically because it used cookies. See more info here: https://nextjs.org/docs/messages/dynamic-server-error
Error: Dynamic server usage: Route /api/logs couldn't be rendered statically because it used cookies. See more info here: https://nextjs.org/docs/messages/dynamic-server-error
    at l (D:\KONYG\.next\server\chunks\8948.js:1:37249)
    at Object.f (D:\KONYG\.next\server\chunks\1291.js:1:1692)
    at l (D:\KONYG\.next\server\app\api\logs\route.js:1:1082)
    at D:\KONYG\node_modules\next\dist\compiled\next-server\app-route.runtime.prod.js:6:34672
    at D:\KONYG\node_modules\next\dist\server\lib\trace\tracer.js:140:36
    at NoopContextManager.with (D:\KONYG\node_modules\next\dist\compiled\@opentelemetry\api\index.js:1:7062)
    at ContextAPI.with (D:\KONYG\node_modules\next\dist\compiled\@opentelemetry\api\index.js:1:518)
    at NoopTracer.startActiveSpan (D:\KONYG\node_modules\next\dist\compiled\@opentelemetry\api\index.js:1:18093)
    at ProxyTracer.startActiveSpan (D:\KONYG\node_modules\next\dist\compiled\@opentelemetry\api\index.js:1:18854)
    at D:\KONYG\node_modules\next\dist\server\lib\trace\tracer.js:122:103
---
2026-02-04T13:33:40.173Z - Dynamic server usage: Route /api/logs couldn't be rendered statically because it used cookies. See more info here: https://nextjs.org/docs/messages/dynamic-server-error
Error: Dynamic server usage: Route /api/logs couldn't be rendered statically because it used cookies. See more info here: https://nextjs.org/docs/messages/dynamic-server-error
    at l (D:\KONYG\.next\server\chunks\8948.js:1:37249)
    at Object.f (D:\KONYG\.next\server\chunks\1291.js:1:1692)
    at l (D:\KONYG\.next\server\app\api\logs\route.js:1:1082)
    at D:\KONYG\node_modules\next\dist\compiled\next-server\app-route.runtime.prod.js:6:34672
    at D:\KONYG\node_modules\next\dist\server\lib\trace\tracer.js:140:36
    at NoopContextManager.with (D:\KONYG\node_modules\next\dist\compiled\@opentelemetry\api\index.js:1:7062)
    at ContextAPI.with (D:\KONYG\node_modules\next\dist\compiled\@opentelemetry\api\index.js:1:518)
    at NoopTracer.startActiveSpan (D:\KONYG\node_modules\next\dist\compiled\@opentelemetry\api\index.js:1:18093)
    at ProxyTracer.startActiveSpan (D:\KONYG\node_modules\next\dist\compiled\@opentelemetry\api\index.js:1:18854)
    at D:\KONYG\node_modules\next\dist\server\lib\trace\tracer.js:122:103
---
2026-02-04T13:48:33.977Z - Dynamic server usage: Route /api/logs couldn't be rendered statically because it used cookies. See more info here: https://nextjs.org/docs/messages/dynamic-server-error
Error: Dynamic server usage: Route /api/logs couldn't be rendered statically because it used cookies. See more info here: https://nextjs.org/docs/messages/dynamic-server-error
    at l (D:\KONYG\.next\server\chunks\8948.js:1:37249)
    at Object.f (D:\KONYG\.next\server\chunks\1291.js:1:1692)
    at l (D:\KONYG\.next\server\app\api\logs\route.js:1:1082)
    at D:\KONYG\node_modules\next\dist\compiled\next-server\app-route.runtime.prod.js:6:34672
    at D:\KONYG\node_modules\next\dist\server\lib\trace\tracer.js:140:36
    at NoopContextManager.with (D:\KONYG\node_modules\next\dist\compiled\@opentelemetry\api\index.js:1:7062)
    at ContextAPI.with (D:\KONYG\node_modules\next\dist\compiled\@opentelemetry\api\index.js:1:518)
    at NoopTracer.startActiveSpan (D:\KONYG\node_modules\next\dist\compiled\@opentelemetry\api\index.js:1:18093)
    at ProxyTracer.startActiveSpan (D:\KONYG\node_modules\next\dist\compiled\@opentelemetry\api\index.js:1:18854)
    at D:\KONYG\node_modules\next\dist\server\lib\trace\tracer.js:122:103
---
2026-02-04T13:53:15.531Z - Dynamic server usage: Route /api/logs couldn't be rendered statically because it used cookies. See more info here: https://nextjs.org/docs/messages/dynamic-server-error
Error: Dynamic server usage: Route /api/logs couldn't be rendered statically because it used cookies. See more info here: https://nextjs.org/docs/messages/dynamic-server-error
    at l (D:\KONYG\.next\server\chunks\8948.js:1:37249)
    at Object.f (D:\KONYG\.next\server\chunks\1291.js:1:1692)
    at l (D:\KONYG\.next\server\app\api\logs\route.js:1:1082)
    at D:\KONYG\node_modules\next\dist\compiled\next-server\app-route.runtime.prod.js:6:34672
    at D:\KONYG\node_modules\next\dist\server\lib\trace\tracer.js:140:36
    at NoopContextManager.with (D:\KONYG\node_modules\next\dist\compiled\@opentelemetry\api\index.js:1:7062)
    at ContextAPI.with (D:\KONYG\node_modules\next\dist\compiled\@opentelemetry\api\index.js:1:518)
    at NoopTracer.startActiveSpan (D:\KONYG\node_modules\next\dist\compiled\@opentelemetry\api\index.js:1:18093)
    at ProxyTracer.startActiveSpan (D:\KONYG\node_modules\next\dist\compiled\@opentelemetry\api\index.js:1:18854)
    at D:\KONYG\node_modules\next\dist\server\lib\trace\tracer.js:122:103
---
2026-02-04T13:57:42.874Z - Dynamic server usage: Route /api/logs couldn't be rendered statically because it used cookies. See more info here: https://nextjs.org/docs/messages/dynamic-server-error
Error: Dynamic server usage: Route /api/logs couldn't be rendered statically because it used cookies. See more info here: https://nextjs.org/docs/messages/dynamic-server-error
    at l (D:\KONYG\.next\server\chunks\8948.js:1:37249)
    at Object.f (D:\KONYG\.next\server\chunks\1291.js:1:1692)
    at l (D:\KONYG\.next\server\app\api\logs\route.js:1:1082)
    at D:\KONYG\node_modules\next\dist\compiled\next-server\app-route.runtime.prod.js:6:34672
    at D:\KONYG\node_modules\next\dist\server\lib\trace\tracer.js:140:36
    at NoopContextManager.with (D:\KONYG\node_modules\next\dist\compiled\@opentelemetry\api\index.js:1:7062)
    at ContextAPI.with (D:\KONYG\node_modules\next\dist\compiled\@opentelemetry\api\index.js:1:518)
    at NoopTracer.startActiveSpan (D:\KONYG\node_modules\next\dist\compiled\@opentelemetry\api\index.js:1:18093)
    at ProxyTracer.startActiveSpan (D:\KONYG\node_modules\next\dist\compiled\@opentelemetry\api\index.js:1:18854)
    at D:\KONYG\node_modules\next\dist\server\lib\trace\tracer.js:122:103
---
2026-02-04T14:18:28.704Z - Dynamic server usage: Route /api/logs couldn't be rendered statically because it used cookies. See more info here: https://nextjs.org/docs/messages/dynamic-server-error
Error: Dynamic server usage: Route /api/logs couldn't be rendered statically because it used cookies. See more info here: https://nextjs.org/docs/messages/dynamic-server-error
    at l (D:\KONYG\.next\server\chunks\8948.js:1:37249)
    at Object.f (D:\KONYG\.next\server\chunks\1291.js:1:1692)
    at l (D:\KONYG\.next\server\app\api\logs\route.js:1:1082)
    at D:\KONYG\node_modules\next\dist\compiled\next-server\app-route.runtime.prod.js:6:34672
    at D:\KONYG\node_modules\next\dist\server\lib\trace\tracer.js:140:36
    at NoopContextManager.with (D:\KONYG\node_modules\next\dist\compiled\@opentelemetry\api\index.js:1:7062)
    at ContextAPI.with (D:\KONYG\node_modules\next\dist\compiled\@opentelemetry\api\index.js:1:518)
    at NoopTracer.startActiveSpan (D:\KONYG\node_modules\next\dist\compiled\@opentelemetry\api\index.js:1:18093)
    at ProxyTracer.startActiveSpan (D:\KONYG\node_modules\next\dist\compiled\@opentelemetry\api\index.js:1:18854)
    at D:\KONYG\node_modules\next\dist\server\lib\trace\tracer.js:122:103
---
2026-02-04T14:21:36.132Z - Dynamic server usage: Route /api/logs couldn't be rendered statically because it used cookies. See more info here: https://nextjs.org/docs/messages/dynamic-server-error
Error: Dynamic server usage: Route /api/logs couldn't be rendered statically because it used cookies. See more info here: https://nextjs.org/docs/messages/dynamic-server-error
    at l (D:\KONYG\.next\server\chunks\8948.js:1:37249)
    at Object.f (D:\KONYG\.next\server\chunks\1291.js:1:1692)
    at l (D:\KONYG\.next\server\app\api\logs\route.js:1:1082)
    at D:\KONYG\node_modules\next\dist\compiled\next-server\app-route.runtime.prod.js:6:34672
    at D:\KONYG\node_modules\next\dist\server\lib\trace\tracer.js:140:36
    at NoopContextManager.with (D:\KONYG\node_modules\next\dist\compiled\@opentelemetry\api\index.js:1:7062)
    at ContextAPI.with (D:\KONYG\node_modules\next\dist\compiled\@opentelemetry\api\index.js:1:518)
    at NoopTracer.startActiveSpan (D:\KONYG\node_modules\next\dist\compiled\@opentelemetry\api\index.js:1:18093)
    at ProxyTracer.startActiveSpan (D:\KONYG\node_modules\next\dist\compiled\@opentelemetry\api\index.js:1:18854)
    at D:\KONYG\node_modules\next\dist\server\lib\trace\tracer.js:122:103
---
2026-02-04T14:27:29.459Z - Dynamic server usage: Route /api/logs couldn't be rendered statically because it used cookies. See more info here: https://nextjs.org/docs/messages/dynamic-server-error
Error: Dynamic server usage: Route /api/logs couldn't be rendered statically because it used cookies. See more info here: https://nextjs.org/docs/messages/dynamic-server-error
    at l (D:\KONYG\.next\server\chunks\8948.js:1:37249)
    at Object.f (D:\KONYG\.next\server\chunks\1291.js:1:1692)
    at l (D:\KONYG\.next\server\app\api\logs\route.js:1:1082)
    at D:\KONYG\node_modules\next\dist\compiled\next-server\app-route.runtime.prod.js:6:34672
    at D:\KONYG\node_modules\next\dist\server\lib\trace\tracer.js:140:36
    at NoopContextManager.with (D:\KONYG\node_modules\next\dist\compiled\@opentelemetry\api\index.js:1:7062)
    at ContextAPI.with (D:\KONYG\node_modules\next\dist\compiled\@opentelemetry\api\index.js:1:518)
    at NoopTracer.startActiveSpan (D:\KONYG\node_modules\next\dist\compiled\@opentelemetry\api\index.js:1:18093)
    at ProxyTracer.startActiveSpan (D:\KONYG\node_modules\next\dist\compiled\@opentelemetry\api\index.js:1:18854)
    at D:\KONYG\node_modules\next\dist\server\lib\trace\tracer.js:122:103
---
2026-02-04T14:50:23.402Z - Dynamic server usage: Route /api/logs couldn't be rendered statically because it used cookies. See more info here: https://nextjs.org/docs/messages/dynamic-server-error
Error: Dynamic server usage: Route /api/logs couldn't be rendered statically because it used cookies. See more info here: https://nextjs.org/docs/messages/dynamic-server-error
    at l (D:\KONYG\.next\server\chunks\8948.js:1:37249)
    at Object.f (D:\KONYG\.next\server\chunks\1291.js:1:1692)
    at l (D:\KONYG\.next\server\app\api\logs\route.js:1:1082)
    at D:\KONYG\node_modules\next\dist\compiled\next-server\app-route.runtime.prod.js:6:34672
    at D:\KONYG\node_modules\next\dist\server\lib\trace\tracer.js:140:36
    at NoopContextManager.with (D:\KONYG\node_modules\next\dist\compiled\@opentelemetry\api\index.js:1:7062)
    at ContextAPI.with (D:\KONYG\node_modules\next\dist\compiled\@opentelemetry\api\index.js:1:518)
    at NoopTracer.startActiveSpan (D:\KONYG\node_modules\next\dist\compiled\@opentelemetry\api\index.js:1:18093)
    at ProxyTracer.startActiveSpan (D:\KONYG\node_modules\next\dist\compiled\@opentelemetry\api\index.js:1:18854)
    at D:\KONYG\node_modules\next\dist\server\lib\trace\tracer.js:122:103
---
2026-02-06T12:16:11.368Z - Dynamic server usage: Route /api/logs couldn't be rendered statically because it used cookies. See more info here: https://nextjs.org/docs/messages/dynamic-server-error
Error: Dynamic server usage: Route /api/logs couldn't be rendered statically because it used cookies. See more info here: https://nextjs.org/docs/messages/dynamic-server-error
    at l (D:\KONYG\.next\server\chunks\8948.js:1:37249)
    at Object.f (D:\KONYG\.next\server\chunks\1291.js:1:1692)
    at l (D:\KONYG\.next\server\app\api\logs\route.js:1:1082)
    at D:\KONYG\node_modules\next\dist\compiled\next-server\app-route.runtime.prod.js:6:34672
    at D:\KONYG\node_modules\next\dist\server\lib\trace\tracer.js:140:36
    at NoopContextManager.with (D:\KONYG\node_modules\next\dist\compiled\@opentelemetry\api\index.js:1:7062)
    at ContextAPI.with (D:\KONYG\node_modules\next\dist\compiled\@opentelemetry\api\index.js:1:518)
    at NoopTracer.startActiveSpan (D:\KONYG\node_modules\next\dist\compiled\@opentelemetry\api\index.js:1:18093)
    at ProxyTracer.startActiveSpan (D:\KONYG\node_modules\next\dist\compiled\@opentelemetry\api\index.js:1:18854)
    at D:\KONYG\node_modules\next\dist\server\lib\trace\tracer.js:122:103
---
2026-02-06T12:38:00.347Z - Dynamic server usage: Route /api/logs couldn't be rendered statically because it used cookies. See more info here: https://nextjs.org/docs/messages/dynamic-server-error
Error: Dynamic server usage: Route /api/logs couldn't be rendered statically because it used cookies. See more info here: https://nextjs.org/docs/messages/dynamic-server-error
    at l (D:\KONYG\.next\server\chunks\8948.js:1:37249)
    at Object.f (D:\KONYG\.next\server\chunks\1291.js:1:1692)
    at l (D:\KONYG\.next\server\app\api\logs\route.js:1:1082)
    at D:\KONYG\node_modules\next\dist\compiled\next-server\app-route.runtime.prod.js:6:34672
    at D:\KONYG\node_modules\next\dist\server\lib\trace\tracer.js:140:36
    at NoopContextManager.with (D:\KONYG\node_modules\next\dist\compiled\@opentelemetry\api\index.js:1:7062)
    at ContextAPI.with (D:\KONYG\node_modules\next\dist\compiled\@opentelemetry\api\index.js:1:518)
    at NoopTracer.startActiveSpan (D:\KONYG\node_modules\next\dist\compiled\@opentelemetry\api\index.js:1:18093)
    at ProxyTracer.startActiveSpan (D:\KONYG\node_modules\next\dist\compiled\@opentelemetry\api\index.js:1:18854)
    at D:\KONYG\node_modules\next\dist\server\lib\trace\tracer.js:122:103
---
2026-02-06T12:41:21.899Z - Dynamic server usage: Route /api/logs couldn't be rendered statically because it used cookies. See more info here: https://nextjs.org/docs/messages/dynamic-server-error
Error: Dynamic server usage: Route /api/logs couldn't be rendered statically because it used cookies. See more info here: https://nextjs.org/docs/messages/dynamic-server-error
    at l (D:\KONYG\.next\server\chunks\8948.js:1:37249)
    at Object.f (D:\KONYG\.next\server\chunks\1291.js:1:1692)
    at l (D:\KONYG\.next\server\app\api\logs\route.js:1:1082)
    at D:\KONYG\node_modules\next\dist\compiled\next-server\app-route.runtime.prod.js:6:34672
    at D:\KONYG\node_modules\next\dist\server\lib\trace\tracer.js:140:36
    at NoopContextManager.with (D:\KONYG\node_modules\next\dist\compiled\@opentelemetry\api\index.js:1:7062)
    at ContextAPI.with (D:\KONYG\node_modules\next\dist\compiled\@opentelemetry\api\index.js:1:518)
    at NoopTracer.startActiveSpan (D:\KONYG\node_modules\next\dist\compiled\@opentelemetry\api\index.js:1:18093)
    at ProxyTracer.startActiveSpan (D:\KONYG\node_modules\next\dist\compiled\@opentelemetry\api\index.js:1:18854)
    at D:\KONYG\node_modules\next\dist\server\lib\trace\tracer.js:122:103
---
2026-02-07T16:33:00.151Z - Dynamic server usage: Route /api/logs couldn't be rendered statically because it used cookies. See more info here: https://nextjs.org/docs/messages/dynamic-server-error
Error: Dynamic server usage: Route /api/logs couldn't be rendered statically because it used cookies. See more info here: https://nextjs.org/docs/messages/dynamic-server-error
    at l (D:\KONYG\.next\server\chunks\8948.js:1:37249)
    at Object.f (D:\KONYG\.next\server\chunks\1291.js:1:1692)
    at l (D:\KONYG\.next\server\app\api\logs\route.js:1:1082)
    at D:\KONYG\node_modules\next\dist\compiled\next-server\app-route.runtime.prod.js:6:34672
    at D:\KONYG\node_modules\next\dist\server\lib\trace\tracer.js:140:36
    at NoopContextManager.with (D:\KONYG\node_modules\next\dist\compiled\@opentelemetry\api\index.js:1:7062)
    at ContextAPI.with (D:\KONYG\node_modules\next\dist\compiled\@opentelemetry\api\index.js:1:518)
    at NoopTracer.startActiveSpan (D:\KONYG\node_modules\next\dist\compiled\@opentelemetry\api\index.js:1:18093)
    at ProxyTracer.startActiveSpan (D:\KONYG\node_modules\next\dist\compiled\@opentelemetry\api\index.js:1:18854)
    at D:\KONYG\node_modules\next\dist\server\lib\trace\tracer.js:122:103
---
2026-02-07T16:36:37.708Z - Dynamic server usage: Route /api/logs couldn't be rendered statically because it used cookies. See more info here: https://nextjs.org/docs/messages/dynamic-server-error
Error: Dynamic server usage: Route /api/logs couldn't be rendered statically because it used cookies. See more info here: https://nextjs.org/docs/messages/dynamic-server-error
    at l (D:\KONYG\.next\server\chunks\8948.js:1:37249)
    at Object.f (D:\KONYG\.next\server\chunks\1291.js:1:1692)
    at l (D:\KONYG\.next\server\app\api\logs\route.js:1:1082)
    at D:\KONYG\node_modules\next\dist\compiled\next-server\app-route.runtime.prod.js:6:34672
    at D:\KONYG\node_modules\next\dist\server\lib\trace\tracer.js:140:36
    at NoopContextManager.with (D:\KONYG\node_modules\next\dist\compiled\@opentelemetry\api\index.js:1:7062)
    at ContextAPI.with (D:\KONYG\node_modules\next\dist\compiled\@opentelemetry\api\index.js:1:518)
    at NoopTracer.startActiveSpan (D:\KONYG\node_modules\next\dist\compiled\@opentelemetry\api\index.js:1:18093)
    at ProxyTracer.startActiveSpan (D:\KONYG\node_modules\next\dist\compiled\@opentelemetry\api\index.js:1:18854)
    at D:\KONYG\node_modules\next\dist\server\lib\trace\tracer.js:122:103
---
2026-02-07T16:40:13.873Z - Dynamic server usage: Route /api/logs couldn't be rendered statically because it used cookies. See more info here: https://nextjs.org/docs/messages/dynamic-server-error
Error: Dynamic server usage: Route /api/logs couldn't be rendered statically because it used cookies. See more info here: https://nextjs.org/docs/messages/dynamic-server-error
    at l (D:\KONYG\.next\server\chunks\8948.js:1:37249)
    at Object.f (D:\KONYG\.next\server\chunks\1291.js:1:1692)
    at l (D:\KONYG\.next\server\app\api\logs\route.js:1:1082)
    at D:\KONYG\node_modules\next\dist\compiled\next-server\app-route.runtime.prod.js:6:34672
    at D:\KONYG\node_modules\next\dist\server\lib\trace\tracer.js:140:36
    at NoopContextManager.with (D:\KONYG\node_modules\next\dist\compiled\@opentelemetry\api\index.js:1:7062)
    at ContextAPI.with (D:\KONYG\node_modules\next\dist\compiled\@opentelemetry\api\index.js:1:518)
    at NoopTracer.startActiveSpan (D:\KONYG\node_modules\next\dist\compiled\@opentelemetry\api\index.js:1:18093)
    at ProxyTracer.startActiveSpan (D:\KONYG\node_modules\next\dist\compiled\@opentelemetry\api\index.js:1:18854)
    at D:\KONYG\node_modules\next\dist\server\lib\trace\tracer.js:122:103
---
2026-02-07T16:42:30.596Z - Dynamic server usage: Route /api/logs couldn't be rendered statically because it used cookies. See more info here: https://nextjs.org/docs/messages/dynamic-server-error
Error: Dynamic server usage: Route /api/logs couldn't be rendered statically because it used cookies. See more info here: https://nextjs.org/docs/messages/dynamic-server-error
    at l (D:\KONYG\.next\server\chunks\8948.js:1:37249)
    at Object.f (D:\KONYG\.next\server\chunks\1291.js:1:1692)
    at l (D:\KONYG\.next\server\app\api\logs\route.js:1:1082)
    at D:\KONYG\node_modules\next\dist\compiled\next-server\app-route.runtime.prod.js:6:34672
    at D:\KONYG\node_modules\next\dist\server\lib\trace\tracer.js:140:36
    at NoopContextManager.with (D:\KONYG\node_modules\next\dist\compiled\@opentelemetry\api\index.js:1:7062)
    at ContextAPI.with (D:\KONYG\node_modules\next\dist\compiled\@opentelemetry\api\index.js:1:518)
    at NoopTracer.startActiveSpan (D:\KONYG\node_modules\next\dist\compiled\@opentelemetry\api\index.js:1:18093)
    at ProxyTracer.startActiveSpan (D:\KONYG\node_modules\next\dist\compiled\@opentelemetry\api\index.js:1:18854)
    at D:\KONYG\node_modules\next\dist\server\lib\trace\tracer.js:122:103
---
2026-02-07T16:45:24.544Z - Dynamic server usage: Route /api/logs couldn't be rendered statically because it used cookies. See more info here: https://nextjs.org/docs/messages/dynamic-server-error
Error: Dynamic server usage: Route /api/logs couldn't be rendered statically because it used cookies. See more info here: https://nextjs.org/docs/messages/dynamic-server-error
    at l (D:\KONYG\.next\server\chunks\8948.js:1:37249)
    at Object.f (D:\KONYG\.next\server\chunks\1291.js:1:1692)
    at l (D:\KONYG\.next\server\app\api\logs\route.js:1:1082)
    at D:\KONYG\node_modules\next\dist\compiled\next-server\app-route.runtime.prod.js:6:34672
    at D:\KONYG\node_modules\next\dist\server\lib\trace\tracer.js:140:36
    at NoopContextManager.with (D:\KONYG\node_modules\next\dist\compiled\@opentelemetry\api\index.js:1:7062)
    at ContextAPI.with (D:\KONYG\node_modules\next\dist\compiled\@opentelemetry\api\index.js:1:518)
    at NoopTracer.startActiveSpan (D:\KONYG\node_modules\next\dist\compiled\@opentelemetry\api\index.js:1:18093)
    at ProxyTracer.startActiveSpan (D:\KONYG\node_modules\next\dist\compiled\@opentelemetry\api\index.js:1:18854)
    at D:\KONYG\node_modules\next\dist\server\lib\trace\tracer.js:122:103
---
2026-02-07T16:48:34.650Z - Dynamic server usage: Route /api/logs couldn't be rendered statically because it used cookies. See more info here: https://nextjs.org/docs/messages/dynamic-server-error
Error: Dynamic server usage: Route /api/logs couldn't be rendered statically because it used cookies. See more info here: https://nextjs.org/docs/messages/dynamic-server-error
    at l (D:\KONYG\.next\server\chunks\8948.js:1:37249)
    at Object.f (D:\KONYG\.next\server\chunks\1291.js:1:1692)
    at l (D:\KONYG\.next\server\app\api\logs\route.js:1:1082)
    at D:\KONYG\node_modules\next\dist\compiled\next-server\app-route.runtime.prod.js:6:34672
    at D:\KONYG\node_modules\next\dist\server\lib\trace\tracer.js:140:36
    at NoopContextManager.with (D:\KONYG\node_modules\next\dist\compiled\@opentelemetry\api\index.js:1:7062)
    at ContextAPI.with (D:\KONYG\node_modules\next\dist\compiled\@opentelemetry\api\index.js:1:518)
    at NoopTracer.startActiveSpan (D:\KONYG\node_modules\next\dist\compiled\@opentelemetry\api\index.js:1:18093)
    at ProxyTracer.startActiveSpan (D:\KONYG\node_modules\next\dist\compiled\@opentelemetry\api\index.js:1:18854)
    at D:\KONYG\node_modules\next\dist\server\lib\trace\tracer.js:122:103
---
2026-02-14T11:36:07.078Z - Dynamic server usage: Route /api/logs couldn't be rendered statically because it used cookies. See more info here: https://nextjs.org/docs/messages/dynamic-server-error
Error: Dynamic server usage: Route /api/logs couldn't be rendered statically because it used cookies. See more info here: https://nextjs.org/docs/messages/dynamic-server-error
    at l (D:\KONYG\.next\server\chunks\8948.js:1:37249)
    at Object.f (D:\KONYG\.next\server\chunks\1615.js:1:1692)
    at l (D:\KONYG\.next\server\app\api\logs\route.js:1:1082)
    at D:\KONYG\node_modules\next\dist\compiled\next-server\app-route.runtime.prod.js:6:34672
    at D:\KONYG\node_modules\next\dist\server\lib\trace\tracer.js:140:36
    at NoopContextManager.with (D:\KONYG\node_modules\next\dist\compiled\@opentelemetry\api\index.js:1:7062)
    at ContextAPI.with (D:\KONYG\node_modules\next\dist\compiled\@opentelemetry\api\index.js:1:518)
    at NoopTracer.startActiveSpan (D:\KONYG\node_modules\next\dist\compiled\@opentelemetry\api\index.js:1:18093)
    at ProxyTracer.startActiveSpan (D:\KONYG\node_modules\next\dist\compiled\@opentelemetry\api\index.js:1:18854)
    at D:\KONYG\node_modules\next\dist\server\lib\trace\tracer.js:122:103
---
