
> monea-platform@1.2.0 dev
> next dev -H 0.0.0.0

 ⚠ Port 3000 is in use, trying 3001 instead.
  ▲ Next.js 14.2.35
  - Local:        http://localhost:3001
  - Network:      http://0.0.0.0:3001
  - Environments: .env

 ✓ Starting...
 ✓ Ready in 1940ms
 ✓ Compiled /src/middleware in 229ms (140 modules)
 ✓ Compiled /api/auth/register in 326ms (62 modules)
SyntaxError: Expected property name or '}' in JSON at position 1 (line 1 column 2)
    at JSON.parse (<anonymous>)
    at parseJSONFromBytes (node:internal/deps/undici/undici:4259:19)
    at successSteps (node:internal/deps/undici/undici:6882:27)
    at readAllBytes (node:internal/deps/undici/undici:5807:13)
    at process.processTicksAndRejections (node:internal/process/task_queues:103:5)
 POST /api/auth/register 500 in 470ms
 ✓ Compiled in 125ms (62 modules)
 ✓ Compiled in 41ms
