
> monea-platform@1.2.0 dev
> next dev -H 0.0.0.0

  ▲ Next.js 14.2.35
  - Local:        http://localhost:3000
  - Network:      http://0.0.0.0:3000
  - Environments: .env

 ✓ Starting...
 ✓ Ready in 3.7s
 ✓ Compiled /src/middleware in 289ms (140 modules)
 ○ Compiling /api/auth/login ...
 ✓ Compiled /api/auth/login in 753ms (151 modules)
 POST /api/auth/login 400 in 1018ms
 ✓ Compiled in 1777ms (343 modules)
 ✓ Compiled in 135ms (140 modules)
 ○ Compiling /_error ...
 ✓ Compiled /_error in 1694ms (439 modules)
<w> [webpack.cache.PackFileCacheStrategy] Caching failed for pack: Error: ENOENT: no such file or directory, lstat 'D:\MONEA\.next\server\app'
<w> [webpack.cache.PackFileCacheStrategy/webpack.FileSystemInfo] Resolving '../../../../.next/server/app/api/auth/login/route' in D:\MONEA\node_modules\next\dist\server for build dependencies doesn't lead to expected result 'D:\MONEA\.next\server\app\api\auth\login\route.js', but to 'Error: Can't resolve '../../../../.next/server/app/api/auth/login/route' in 'D:\MONEA\node_modules\next\dist\server'' instead. Resolving dependencies are ignored for this path.
<w>  at resolve commonjs file ../../../../.next/server/app/api/auth/login/route (expected D:\MONEA\.next\server\app\api\auth\login\route.js)
<w>  at file dependencies D:\MONEA\node_modules\next\dist\server\require.js
<w>  at file D:\MONEA\node_modules\next\dist\server\require.js
<w>  at file dependencies D:\MONEA\node_modules\next\dist\server\load-components.js
<w>  at file D:\MONEA\node_modules\next\dist\server\load-components.js
<w>  at file dependencies D:\MONEA\node_modules\next\dist\build\utils.js
<w>  at file D:\MONEA\node_modules\next\dist\build\utils.js
<w>  at file dependencies D:\MONEA\node_modules\next\dist\build\handle-externals.js
<w>  at file D:\MONEA\node_modules\next\dist\build\handle-externals.js
<w>  at file dependencies D:\MONEA\node_modules\next\dist\build\webpack\loaders\next-swc-loader.js
<w>  at file D:\MONEA\node_modules\next\dist\build\webpack\loaders\next-swc-loader.js
<w>  at resolve commonjs D:\MONEA\node_modules\next\dist\build\webpack\loaders\next-swc-loader.js
<w> [webpack.cache.PackFileCacheStrategy] Caching failed for pack: Error: ENOENT: no such file or directory, lstat 'D:\MONEA\.next\server\app'
<w> [webpack.cache.PackFileCacheStrategy/webpack.FileSystemInfo] Resolving '../../../../.next/server/app/api/auth/login/route' in D:\MONEA\node_modules\next\dist\server for build dependencies doesn't lead to expected result 'D:\MONEA\.next\server\app\api\auth\login\route.js', but to 'Error: Can't resolve '../../../../.next/server/app/api/auth/login/route' in 'D:\MONEA\node_modules\next\dist\server'' instead. Resolving dependencies are ignored for this path.
<w>  at resolve commonjs file ../../../../.next/server/app/api/auth/login/route (expected D:\MONEA\.next\server\app\api\auth\login\route.js)
<w>  at file dependencies D:\MONEA\node_modules\next\dist\server\require.js
<w>  at file D:\MONEA\node_modules\next\dist\server\require.js
<w>  at file dependencies D:\MONEA\node_modules\next\dist\server\load-components.js
<w>  at file D:\MONEA\node_modules\next\dist\server\load-components.js
<w>  at file dependencies D:\MONEA\node_modules\next\dist\build\utils.js
<w>  at file D:\MONEA\node_modules\next\dist\build\utils.js
<w>  at file dependencies D:\MONEA\node_modules\next\dist\build\webpack\loaders\next-route-loader\index.js
<w>  at file D:\MONEA\node_modules\next\dist\build\webpack\loaders\next-route-loader\index.js
<w>  at resolve commonjs D:\MONEA\node_modules\next\dist\build\webpack\loaders\next-route-loader\index.js
